<?xml version="1.0" encoding="utf-8"?><testsuites name="pytest tests"><testsuite name="pytest" errors="0" failures="0" skipped="0" tests="16" time="100.717" timestamp="2026-08-24T04:25:22.402680+00:00" hostname="agent-env-1efea674-f129-4c30-a37a-320b23039caf"><testcase classname="tests.test_rooms" name="test_create_room_instant" time="0.193" /><testcase classname="tests.test_rooms" name="test_create_room_empty_name_rejected" time="0.131" /><testcase classname="tests.test_rooms" name="test_puzzle_425_before_ready" time="0.482" /><testcase classname="tests.test_rooms" name="test_puzzle_becomes_ready_and_is_large" time="63.575" /><testcase classname="tests.test_rooms" name="test_join_room_second_player_terracotta" time="0.049" /><testcase classname="tests.test_rooms" name="test_join_room_full_rejected" time="0.060" /><testcase classname="tests.test_rooms" name="test_join_same_name_idempotent" time="0.047" /><testcase classname="tests.test_rooms" name="test_join_unknown_room_404" time="0.048" /><testcase classname="tests.test_rooms" name="test_state_and_cell_propagation" time="0.235" /><testcase classname="tests.test_rooms" name="test_cell_invalid_position_400" time="0.045" /><testcase classname="tests.test_rooms" name="test_focus_endpoint" time="0.048" /><testcase classname="tests.test_rooms" name="test_new_puzzle_instant_and_regenerates" time="33.842" /><testcase classname="tests.test_rooms" name="test_create_room_with_difficulty_media" time="0.148" /><testcase classname="tests.test_rooms" name="test_create_room_with_difficulty_altissima" time="0.168" /><testcase classname="tests.test_rooms" name="test_create_room_invalid_difficulty_defaults" time="0.452" /><testcase classname="tests.test_rooms" name="test_create_room_default_difficulty" time="0.502" /></testsuite></testsuites>